<?xml version="1.0" encoding="UTF-8"?>
<!-- Generated by org.testng.reporters.JUnitReportReporter -->
<testsuite skipped="0" hostname="AS-40" name="ikeaApp.checkcartItemTest" tests="2" failures="0" timestamp="2023-06-06T13:48:00 AST" time="4.895" errors="0">
  <testcase name="checkcarthasAddedItemsTest" time="2.780" classname="ikeaApp.checkcartItemTest"/>
  <system-out/>
  <testcase name="OpenCart" time="2.115" classname="ikeaApp.checkcartItemTest"/>
  <system-out/>
</testsuite> <!-- ikeaApp.checkcartItemTest -->
