<?xml version="1.0" encoding="UTF-8"?>
<!-- Generated by org.testng.reporters.JUnitReportReporter -->
<testsuite skipped="0" hostname="AS-40" name="ikeaApp.checkItemQuantityTest" tests="2" failures="0" timestamp="2023-06-06T13:48:00 AST" time="3.134" errors="0">
  <testcase name="getitemcount" time="1.586" classname="ikeaApp.checkItemQuantityTest"/>
  <system-out/>
  <testcase name="OpenCart" time="1.548" classname="ikeaApp.checkItemQuantityTest"/>
  <system-out/>
</testsuite> <!-- ikeaApp.checkItemQuantityTest -->
