<?xml version="1.0" encoding="UTF-8"?>
<!-- Generated by org.testng.reporters.JUnitReportReporter -->
<testsuite skipped="0" hostname="AS-40" name="ikeaApp.AddToCartTest" tests="2" failures="0" timestamp="2023-06-06T13:48:00 AST" time="6.304" errors="0">
  <testcase name="AddItemToCart" time="4.565" classname="ikeaApp.AddToCartTest"/>
  <system-out/>
  <testcase name="AddItemToCart" time="1.739" classname="ikeaApp.AddToCartTest"/>
  <system-out/>
</testsuite> <!-- ikeaApp.AddToCartTest -->
