<?xml version="1.0" encoding="UTF-8"?>
<!-- Generated by org.testng.reporters.JUnitReportReporter -->
<testsuite hostname="AS-40" failures="0" tests="1" name="ikeaApp.SearchDetailsTest" time="3.282" errors="0" timestamp="2023-06-06T02:39:11 AST" skipped="0">
  <testcase classname="ikeaApp.SearchDetailsTest" name="Details" time="3.282"/>
  <system-out/>
</testsuite> <!-- ikeaApp.SearchDetailsTest -->
