<?xml version="1.0" encoding="UTF-8"?>
<!-- Generated by org.testng.reporters.JUnitReportReporter -->
<testsuite skipped="0" hostname="AS-40" name="ikeaApp.EmptyStateTest" tests="1" failures="0" timestamp="2023-06-06T13:48:00 AST" time="2.389" errors="0">
  <testcase name="CheckRecommedationSection" time="2.389" classname="ikeaApp.EmptyStateTest"/>
  <system-out/>
</testsuite> <!-- ikeaApp.EmptyStateTest -->
