<?xml version="1.0" encoding="UTF-8"?>
<!-- Generated by org.testng.reporters.JUnitReportReporter -->
<testsuite skipped="0" hostname="AS-40" name="ikeaApp.SerachResultListTest" tests="4" failures="0" timestamp="2023-06-06T13:48:00 AST" time="7.881" errors="0">
  <testcase name="ClicksearchResult" time="1.955" classname="ikeaApp.SerachResultListTest"/>
  <system-out/>
  <testcase name="getProductNameListView" time="2.643" classname="ikeaApp.SerachResultListTest"/>
  <system-out/>
  <testcase name="getProductPriceListView" time="1.610" classname="ikeaApp.SerachResultListTest"/>
  <system-out/>
  <testcase name="ClickProduct" time="1.673" classname="ikeaApp.SerachResultListTest"/>
  <system-out/>
</testsuite> <!-- ikeaApp.SerachResultListTest -->
