<?xml version="1.0" encoding="UTF-8"?>
<!-- Generated by org.testng.reporters.JUnitReportReporter -->
<testsuite skipped="0" hostname="AS-40" name="ikeaApp.BackToHomeTest" tests="4" failures="0" timestamp="2023-06-06T13:48:00 AST" time="7.160" errors="0">
  <testcase name="BackToSearchResult" time="1.705" classname="ikeaApp.BackToHomeTest"/>
  <system-out/>
  <testcase name="BackToSearch" time="1.778" classname="ikeaApp.BackToHomeTest"/>
  <system-out/>
  <testcase name="BackToSearchHistory" time="2.003" classname="ikeaApp.BackToHomeTest"/>
  <system-out/>
  <testcase name="BackToHome" time="1.674" classname="ikeaApp.BackToHomeTest"/>
  <system-out/>
</testsuite> <!-- ikeaApp.BackToHomeTest -->
