<?xml version="1.0" encoding="UTF-8"?>
<!-- Generated by org.testng.reporters.JUnitReportReporter -->
<testsuite skipped="0" hostname="AS-40" name="ikeaApp.SearchTest" tests="2" failures="0" timestamp="2023-06-06T13:48:00 AST" time="9.873" errors="0">
  <testcase name="ClickSearch" time="8.269" classname="ikeaApp.SearchTest"/>
  <system-out/>
  <testcase name="SearchForProduct" time="1.604" classname="ikeaApp.SearchTest"/>
  <system-out/>
</testsuite> <!-- ikeaApp.SearchTest -->
