<?xml version="1.0" encoding="UTF-8"?>
<!-- Generated by org.testng.reporters.JUnitReportReporter -->
<testsuite skipped="0" hostname="AS-40" name="ikeaApp.RemoveFromCartTest" tests="1" failures="0" timestamp="2023-06-06T13:48:00 AST" time="1.647" errors="0">
  <testcase name="RemoveItemfromCart" time="1.647" classname="ikeaApp.RemoveFromCartTest"/>
  <system-out/>
</testsuite> <!-- ikeaApp.RemoveFromCartTest -->
