<?xml version="1.0" encoding="UTF-8"?>
<!-- Generated by org.testng.reporters.JUnitReportReporter -->
<testsuite skipped="0" hostname="AS-40" name="ikeaApp.ProductDetailsTest" tests="2" failures="0" timestamp="2023-06-06T13:48:00 AST" time="5.243" errors="0">
  <testcase name="getNameInDetails" time="3.612" classname="ikeaApp.ProductDetailsTest"/>
  <system-out/>
  <testcase name="getPriceInDetails" time="1.631" classname="ikeaApp.ProductDetailsTest"/>
  <system-out/>
</testsuite> <!-- ikeaApp.ProductDetailsTest -->
