<?xml version="1.0" encoding="UTF-8"?>
<!-- Generated by org.testng.reporters.JUnitReportReporter -->
<testsuite hostname="AS-40" failures="0" tests="5" name="ikeaApp.HomeSearchTest" time="14.873" errors="0" timestamp="2023-06-06T02:08:20 AST" skipped="0">
  <testcase classname="ikeaApp.HomeSearchTest" name="ClickSearch" time="6.880"/>
  <system-out/>
  <testcase classname="ikeaApp.HomeSearchTest" name="SearchForProduct" time="1.673"/>
  <system-out/>
  <testcase classname="ikeaApp.HomeSearchTest" name="ClicksearchResult" time="1.719"/>
  <system-out/>
  <testcase classname="ikeaApp.HomeSearchTest" name="ClickProduct" time="2.550"/>
  <system-out/>
  <testcase classname="ikeaApp.HomeSearchTest" name="etails" time="2.051"/>
  <system-out/>
</testsuite> <!-- ikeaApp.HomeSearchTest -->
